<?xml version="1.0" encoding="UTF-8"?>
<!-- Generated by org.testng.reporters.JUnitReportReporter -->
<testsuite hostname="DESKTOP-HOQ6JVN" failures="0" tests="1" name="runners.RediffRunnerTestCase" time="20.956" errors="0" timestamp="2025-03-08T15:29:16 IST" skipped="0">
  <testcase classname="runners.RediffRunnerTestCase" name="runScenario" time="20.956"/>
</testsuite> <!-- runners.RediffRunnerTestCase -->
