<?xml version="1.0" encoding="UTF-8"?>
<!-- Generated by org.testng.reporters.JUnitReportReporter -->
<testsuite hostname="DESKTOP-HOQ6JVN" failures="0" tests="1" name="runners.RediffRunner" time="138.882" errors="0" timestamp="2025-03-08T14:06:33 IST" skipped="0">
  <testcase classname="runners.RediffRunner" name="runScenario" time="138.882"/>
</testsuite> <!-- runners.RediffRunner -->
